build/app/intermediates/manifest_merge_blame_file/release/manifest-merger-blame-release-report.txt
1<?xml version="1.0" encoding="utf-8"?>
2<manifest xmlns:android="http://schemas.android.com/apk/res/android"
3    package="com.example.ebutler"
4    android:versionCode="1"
5    android:versionName="1.0.0" >
6
7    <uses-sdk
8        android:minSdkVersion="21"
8-->src\main\AndroidManifest.xml
9        android:targetSdkVersion="30" />
9-->src\main\AndroidManifest.xml
10
11    <uses-permission android:name="android.permission.RECEIVE_BOOT_COMPLETED" />
11-->[:flutter_local_notifications] AndroidManifest.xml:7:5-81
11-->[:flutter_local_notifications] AndroidManifest.xml:7:22-78
12    <uses-permission android:name="android.permission.VIBRATE" />
12-->[:flutter_local_notifications] AndroidManifest.xml:8:5-66
12-->[:flutter_local_notifications] AndroidManifest.xml:8:22-63
13    <uses-permission android:name="android.permission.USE_FULL_SCREEN_INTENT" />
13-->[:flutter_local_notifications] AndroidManifest.xml:9:5-81
13-->[:flutter_local_notifications] AndroidManifest.xml:9:22-78
14    <uses-permission android:name="android.permission.INTERNET" />
14-->[com.google.firebase:firebase-auth:21.0.1] AndroidManifest.xml:23:5-67
14-->[com.google.firebase:firebase-auth:21.0.1] AndroidManifest.xml:23:22-64
15    <uses-permission android:name="android.permission.ACCESS_NETWORK_STATE" />
15-->[com.google.firebase:firebase-auth:21.0.1] AndroidManifest.xml:24:5-79
15-->[com.google.firebase:firebase-auth:21.0.1] AndroidManifest.xml:24:22-76
16
17    <application
17-->src\main\AndroidManifest.xml:3:4-40:19
18        android:appComponentFactory="androidx.core.app.CoreComponentFactory"
18-->[androidx.core:core:1.3.0] AndroidManifest.xml:24:18-86
19        android:icon="@mipmap/ic_launcher"
19-->src\main\AndroidManifest.xml:5:9-43
20        android:label="ebutler" >
20-->src\main\AndroidManifest.xml:4:9-32
21        <activity
21-->src\main\AndroidManifest.xml:6:9-34:20
22            android:name="com.example.ebutler.MainActivity"
22-->src\main\AndroidManifest.xml:7:13-41
23            android:configChanges="orientation|keyboardHidden|keyboard|screenSize|smallestScreenSize|locale|layoutDirection|fontScale|screenLayout|density|uiMode"
23-->src\main\AndroidManifest.xml:10:13-163
24            android:hardwareAccelerated="true"
24-->src\main\AndroidManifest.xml:11:13-47
25            android:launchMode="singleTop"
25-->src\main\AndroidManifest.xml:8:13-43
26            android:theme="@style/LaunchTheme"
26-->src\main\AndroidManifest.xml:9:13-47
27            android:windowSoftInputMode="adjustResize" >
27-->src\main\AndroidManifest.xml:12:13-55
28
29            <!--
30                 Specifies an Android theme to apply to this Activity as soon as
31                 the Android process has started. This theme is visible to the user
32                 while the Flutter UI initializes. After that, this theme continues
33                 to determine the Window background behind the Flutter UI.
34            -->
35            <meta-data
35-->src\main\AndroidManifest.xml:17:13-20:17
36                android:name="io.flutter.embedding.android.NormalTheme"
36-->src\main\AndroidManifest.xml:18:15-70
37                android:resource="@style/NormalTheme" />
37-->src\main\AndroidManifest.xml:19:15-52
38            <!--
39                 Displays an Android View that continues showing the launch screen
40                 Drawable until Flutter paints its first frame, then this splash
41                 screen fades out. A splash screen is useful to avoid any visual
42                 gap between the end of Android's launch screen and the painting of
43                 Flutter's first frame.
44            -->
45            <meta-data
45-->src\main\AndroidManifest.xml:26:13-29:17
46                android:name="io.flutter.embedding.android.SplashScreenDrawable"
46-->src\main\AndroidManifest.xml:27:15-79
47                android:resource="@drawable/launch_background" />
47-->src\main\AndroidManifest.xml:28:15-61
48
49            <intent-filter>
49-->src\main\AndroidManifest.xml:30:13-33:29
50                <action android:name="android.intent.action.MAIN" />
50-->src\main\AndroidManifest.xml:31:17-68
50-->src\main\AndroidManifest.xml:31:25-66
51
52                <category android:name="android.intent.category.LAUNCHER" />
52-->src\main\AndroidManifest.xml:32:17-76
52-->src\main\AndroidManifest.xml:32:27-74
53            </intent-filter>
54        </activity>
55        <!--
56             Don't delete the meta-data below.
57             This is used by the Flutter tool to generate GeneratedPluginRegistrant.java
58        -->
59        <meta-data
59-->src\main\AndroidManifest.xml:37:9-39:33
60            android:name="flutterEmbedding"
60-->src\main\AndroidManifest.xml:38:13-44
61            android:value="2" />
61-->src\main\AndroidManifest.xml:39:13-30
62
63        <service
63-->[:firebase_auth] AndroidManifest.xml:8:9-12:19
64            android:name="com.google.firebase.components.ComponentDiscoveryService"
64-->[:firebase_auth] AndroidManifest.xml:8:18-89
65            android:directBootAware="true"
65-->[com.google.firebase:firebase-common:20.0.0] AndroidManifest.xml:35:13-43
66            android:exported="false" >
66-->[com.google.firebase:firebase-auth:21.0.1] AndroidManifest.xml:76:13-37
67            <meta-data
67-->[:firebase_auth] AndroidManifest.xml:9:13-11:85
68                android:name="com.google.firebase.components:io.flutter.plugins.firebase.auth.FlutterFirebaseAuthRegistrar"
68-->[:firebase_auth] AndroidManifest.xml:10:17-124
69                android:value="com.google.firebase.components.ComponentRegistrar" />
69-->[:firebase_auth] AndroidManifest.xml:11:17-82
70            <meta-data
70-->[:firebase_database] AndroidManifest.xml:9:13-11:85
71                android:name="com.google.firebase.components:io.flutter.plugins.firebase.database.FlutterFirebaseAppRegistrar"
71-->[:firebase_database] AndroidManifest.xml:10:17-127
72                android:value="com.google.firebase.components.ComponentRegistrar" />
72-->[:firebase_database] AndroidManifest.xml:11:17-82
73            <meta-data
73-->[:cloud_firestore] AndroidManifest.xml:9:13-11:85
74                android:name="com.google.firebase.components:io.flutter.plugins.firebase.firestore.FlutterFirebaseFirestoreRegistrar"
74-->[:cloud_firestore] AndroidManifest.xml:10:17-134
75                android:value="com.google.firebase.components.ComponentRegistrar" />
75-->[:cloud_firestore] AndroidManifest.xml:11:17-82
76            <meta-data
76-->[:firebase_core] AndroidManifest.xml:9:13-11:85
77                android:name="com.google.firebase.components:io.flutter.plugins.firebase.core.FlutterFirebaseCoreRegistrar"
77-->[:firebase_core] AndroidManifest.xml:10:17-124
78                android:value="com.google.firebase.components.ComponentRegistrar" />
78-->[:firebase_core] AndroidManifest.xml:11:17-82
79            <meta-data
79-->[com.google.firebase:firebase-auth:21.0.1] AndroidManifest.xml:77:13-79:85
80                android:name="com.google.firebase.components:com.google.firebase.auth.FirebaseAuthRegistrar"
80-->[com.google.firebase:firebase-auth:21.0.1] AndroidManifest.xml:78:17-109
81                android:value="com.google.firebase.components.ComponentRegistrar" />
81-->[com.google.firebase:firebase-auth:21.0.1] AndroidManifest.xml:79:17-82
82            <meta-data
82-->[com.google.firebase:firebase-firestore:24.0.1] AndroidManifest.xml:20:13-22:85
83                android:name="com.google.firebase.components:com.google.firebase.firestore.FirestoreRegistrar"
83-->[com.google.firebase:firebase-firestore:24.0.1] AndroidManifest.xml:21:17-111
84                android:value="com.google.firebase.components.ComponentRegistrar" />
84-->[com.google.firebase:firebase-firestore:24.0.1] AndroidManifest.xml:22:17-82
85            <meta-data
85-->[com.google.firebase:firebase-database:20.0.3] AndroidManifest.xml:32:13-34:85
86                android:name="com.google.firebase.components:com.google.firebase.database.DatabaseRegistrar"
86-->[com.google.firebase:firebase-database:20.0.3] AndroidManifest.xml:33:17-109
87                android:value="com.google.firebase.components.ComponentRegistrar" />
87-->[com.google.firebase:firebase-database:20.0.3] AndroidManifest.xml:34:17-82
88        </service>
89
90        <receiver android:name="com.dexterous.flutterlocalnotifications.ScheduledNotificationReceiver" />
90-->[:flutter_local_notifications] AndroidManifest.xml:12:9-106
90-->[:flutter_local_notifications] AndroidManifest.xml:12:19-103
91        <receiver android:name="com.dexterous.flutterlocalnotifications.ScheduledNotificationBootReceiver" >
91-->[:flutter_local_notifications] AndroidManifest.xml:13:9-20:20
91-->[:flutter_local_notifications] AndroidManifest.xml:13:19-107
92            <intent-filter>
92-->[:flutter_local_notifications] AndroidManifest.xml:14:13-19:29
93                <action android:name="android.intent.action.BOOT_COMPLETED" />
93-->[:flutter_local_notifications] AndroidManifest.xml:15:17-79
93-->[:flutter_local_notifications] AndroidManifest.xml:15:25-76
94                <action android:name="android.intent.action.MY_PACKAGE_REPLACED" />
94-->[:flutter_local_notifications] AndroidManifest.xml:16:17-84
94-->[:flutter_local_notifications] AndroidManifest.xml:16:25-81
95                <action android:name="android.intent.action.QUICKBOOT_POWERON" />
95-->[:flutter_local_notifications] AndroidManifest.xml:17:17-82
95-->[:flutter_local_notifications] AndroidManifest.xml:17:25-79
96                <action android:name="com.htc.intent.action.QUICKBOOT_POWERON" />
96-->[:flutter_local_notifications] AndroidManifest.xml:18:17-82
96-->[:flutter_local_notifications] AndroidManifest.xml:18:25-79
97            </intent-filter>
98        </receiver>
99
100        <activity
100-->[com.google.firebase:firebase-auth:21.0.1] AndroidManifest.xml:27:9-44:20
101            android:name="com.google.firebase.auth.internal.GenericIdpActivity"
101-->[com.google.firebase:firebase-auth:21.0.1] AndroidManifest.xml:28:13-80
102            android:excludeFromRecents="true"
102-->[com.google.firebase:firebase-auth:21.0.1] AndroidManifest.xml:29:13-46
103            android:exported="true"
103-->[com.google.firebase:firebase-auth:21.0.1] AndroidManifest.xml:30:13-36
104            android:launchMode="singleTask"
104-->[com.google.firebase:firebase-auth:21.0.1] AndroidManifest.xml:31:13-44
105            android:theme="@android:style/Theme.Translucent.NoTitleBar" >
105-->[com.google.firebase:firebase-auth:21.0.1] AndroidManifest.xml:32:13-72
106            <intent-filter>
106-->[com.google.firebase:firebase-auth:21.0.1] AndroidManifest.xml:33:13-43:29
107                <action android:name="android.intent.action.VIEW" />
107-->[com.google.firebase:firebase-auth:21.0.1] AndroidManifest.xml:34:17-69
107-->[com.google.firebase:firebase-auth:21.0.1] AndroidManifest.xml:34:25-66
108
109                <category android:name="android.intent.category.DEFAULT" />
109-->[com.google.firebase:firebase-auth:21.0.1] AndroidManifest.xml:36:17-76
109-->[com.google.firebase:firebase-auth:21.0.1] AndroidManifest.xml:36:27-73
110                <category android:name="android.intent.category.BROWSABLE" />
110-->[com.google.firebase:firebase-auth:21.0.1] AndroidManifest.xml:37:17-78
110-->[com.google.firebase:firebase-auth:21.0.1] AndroidManifest.xml:37:27-75
111
112                <data
112-->[com.google.firebase:firebase-auth:21.0.1] AndroidManifest.xml:39:17-42:51
113                    android:host="firebase.auth"
113-->[com.google.firebase:firebase-auth:21.0.1] AndroidManifest.xml:40:21-49
114                    android:path="/"
114-->[com.google.firebase:firebase-auth:21.0.1] AndroidManifest.xml:41:21-37
115                    android:scheme="genericidp" />
115-->[com.google.firebase:firebase-auth:21.0.1] AndroidManifest.xml:42:21-48
116            </intent-filter>
117        </activity>
118        <activity
118-->[com.google.firebase:firebase-auth:21.0.1] AndroidManifest.xml:45:9-62:20
119            android:name="com.google.firebase.auth.internal.RecaptchaActivity"
119-->[com.google.firebase:firebase-auth:21.0.1] AndroidManifest.xml:46:13-79
120            android:excludeFromRecents="true"
120-->[com.google.firebase:firebase-auth:21.0.1] AndroidManifest.xml:47:13-46
121            android:exported="true"
121-->[com.google.firebase:firebase-auth:21.0.1] AndroidManifest.xml:48:13-36
122            android:launchMode="singleTask"
122-->[com.google.firebase:firebase-auth:21.0.1] AndroidManifest.xml:49:13-44
123            android:theme="@android:style/Theme.Translucent.NoTitleBar" >
123-->[com.google.firebase:firebase-auth:21.0.1] AndroidManifest.xml:50:13-72
124            <intent-filter>
124-->[com.google.firebase:firebase-auth:21.0.1] AndroidManifest.xml:51:13-61:29
125                <action android:name="android.intent.action.VIEW" />
125-->[com.google.firebase:firebase-auth:21.0.1] AndroidManifest.xml:34:17-69
125-->[com.google.firebase:firebase-auth:21.0.1] AndroidManifest.xml:34:25-66
126
127                <category android:name="android.intent.category.DEFAULT" />
127-->[com.google.firebase:firebase-auth:21.0.1] AndroidManifest.xml:36:17-76
127-->[com.google.firebase:firebase-auth:21.0.1] AndroidManifest.xml:36:27-73
128                <category android:name="android.intent.category.BROWSABLE" />
128-->[com.google.firebase:firebase-auth:21.0.1] AndroidManifest.xml:37:17-78
128-->[com.google.firebase:firebase-auth:21.0.1] AndroidManifest.xml:37:27-75
129
130                <data
130-->[com.google.firebase:firebase-auth:21.0.1] AndroidManifest.xml:39:17-42:51
131                    android:host="firebase.auth"
131-->[com.google.firebase:firebase-auth:21.0.1] AndroidManifest.xml:40:21-49
132                    android:path="/"
132-->[com.google.firebase:firebase-auth:21.0.1] AndroidManifest.xml:41:21-37
133                    android:scheme="recaptcha" />
133-->[com.google.firebase:firebase-auth:21.0.1] AndroidManifest.xml:42:21-48
134            </intent-filter>
135        </activity>
136
137        <service
137-->[com.google.firebase:firebase-auth:21.0.1] AndroidManifest.xml:64:9-73:19
138            android:name="com.google.firebase.auth.api.fallback.service.FirebaseAuthFallbackService"
138-->[com.google.firebase:firebase-auth:21.0.1] AndroidManifest.xml:65:13-101
139            android:enabled="true"
139-->[com.google.firebase:firebase-auth:21.0.1] AndroidManifest.xml:66:13-35
140            android:exported="false" >
140-->[com.google.firebase:firebase-auth:21.0.1] AndroidManifest.xml:67:13-37
141            <intent-filter>
141-->[com.google.firebase:firebase-auth:21.0.1] AndroidManifest.xml:68:13-72:29
142                <action android:name="com.google.firebase.auth.api.gms.service.START" />
142-->[com.google.firebase:firebase-auth:21.0.1] AndroidManifest.xml:69:17-89
142-->[com.google.firebase:firebase-auth:21.0.1] AndroidManifest.xml:69:25-86
143
144                <category android:name="android.intent.category.DEFAULT" />
144-->[com.google.firebase:firebase-auth:21.0.1] AndroidManifest.xml:36:17-76
144-->[com.google.firebase:firebase-auth:21.0.1] AndroidManifest.xml:36:27-73
145            </intent-filter>
146        </service>
147
148        <provider
148-->[com.google.firebase:firebase-common:20.0.0] AndroidManifest.xml:26:9-31:39
149            android:name="com.google.firebase.provider.FirebaseInitProvider"
149-->[com.google.firebase:firebase-common:20.0.0] AndroidManifest.xml:27:13-77
150            android:authorities="com.example.ebutler.firebaseinitprovider"
150-->[com.google.firebase:firebase-common:20.0.0] AndroidManifest.xml:28:13-72
151            android:directBootAware="true"
151-->[com.google.firebase:firebase-common:20.0.0] AndroidManifest.xml:29:13-43
152            android:exported="false"
152-->[com.google.firebase:firebase-common:20.0.0] AndroidManifest.xml:30:13-37
153            android:initOrder="100" />
153-->[com.google.firebase:firebase-common:20.0.0] AndroidManifest.xml:31:13-36
154
155        <activity
155-->[com.google.android.gms:play-services-base:17.1.0] AndroidManifest.xml:23:9-26:75
156            android:name="com.google.android.gms.common.api.GoogleApiActivity"
156-->[com.google.android.gms:play-services-base:17.1.0] AndroidManifest.xml:24:13-79
157            android:exported="false"
157-->[com.google.android.gms:play-services-base:17.1.0] AndroidManifest.xml:25:13-37
158            android:theme="@android:style/Theme.Translucent.NoTitleBar" />
158-->[com.google.android.gms:play-services-base:17.1.0] AndroidManifest.xml:26:13-72
159
160        <meta-data
160-->[com.google.android.gms:play-services-basement:17.1.0] AndroidManifest.xml:23:9-25:69
161            android:name="com.google.android.gms.version"
161-->[com.google.android.gms:play-services-basement:17.1.0] AndroidManifest.xml:24:13-58
162            android:value="@integer/google_play_services_version" />
162-->[com.google.android.gms:play-services-basement:17.1.0] AndroidManifest.xml:25:13-66
163    </application>
164
165</manifest>